0 info it worked if it ends with ok
1 verbose cli [ 'node', '/usr/local/bin/npm', 'publish' ]
2 info using npm@1.4.28
3 info using node@v0.10.33
4 verbose publish [ '.' ]
5 verbose cache add [ '.', null ]
6 verbose cache add name=undefined spec="." args=[".",null]
7 verbose parsed url { protocol: null,
7 verbose parsed url   slashes: null,
7 verbose parsed url   auth: null,
7 verbose parsed url   host: null,
7 verbose parsed url   port: null,
7 verbose parsed url   hostname: null,
7 verbose parsed url   hash: null,
7 verbose parsed url   search: null,
7 verbose parsed url   query: null,
7 verbose parsed url   pathname: '.',
7 verbose parsed url   path: '.',
7 verbose parsed url   href: '.' }
8 silly lockFile 3a52ce78- .
9 verbose lock . /Users/victor/.npm/3a52ce78-.lock
10 verbose tar pack [ '/Users/victor/.npm/grunt-betajs-docs-compile/0.0.11/package.tgz',
10 verbose tar pack   '.' ]
11 verbose tarball /Users/victor/.npm/grunt-betajs-docs-compile/0.0.11/package.tgz
12 verbose folder .
13 info prepublish grunt-betajs-docs-compile@0.0.11
14 silly lockFile 1f1177db-tar tar://.
15 verbose lock tar://. /Users/victor/.npm/1f1177db-tar.lock
16 silly lockFile aea82426--docs-compile-0-0-11-package-tgz tar:///Users/victor/.npm/grunt-betajs-docs-compile/0.0.11/package.tgz
17 verbose lock tar:///Users/victor/.npm/grunt-betajs-docs-compile/0.0.11/package.tgz /Users/victor/.npm/aea82426--docs-compile-0-0-11-package-tgz.lock
18 silly lockFile 1f1177db-tar tar://.
19 silly lockFile 1f1177db-tar tar://.
20 silly lockFile aea82426--docs-compile-0-0-11-package-tgz tar:///Users/victor/.npm/grunt-betajs-docs-compile/0.0.11/package.tgz
21 silly lockFile aea82426--docs-compile-0-0-11-package-tgz tar:///Users/victor/.npm/grunt-betajs-docs-compile/0.0.11/package.tgz
22 silly lockFile e836f893-tajs-docs-compile-0-0-11-package /Users/victor/.npm/grunt-betajs-docs-compile/0.0.11/package
23 verbose lock /Users/victor/.npm/grunt-betajs-docs-compile/0.0.11/package /Users/victor/.npm/e836f893-tajs-docs-compile-0-0-11-package.lock
24 silly lockFile e836f893-tajs-docs-compile-0-0-11-package /Users/victor/.npm/grunt-betajs-docs-compile/0.0.11/package
25 silly lockFile e836f893-tajs-docs-compile-0-0-11-package /Users/victor/.npm/grunt-betajs-docs-compile/0.0.11/package
26 silly lockFile 3a52ce78- .
27 silly lockFile 3a52ce78- .
28 silly publish { name: 'grunt-betajs-docs-compile',
28 silly publish   description: 'Build BetaJS documentations based on JSDOC.',
28 silly publish   version: '0.0.11',
28 silly publish   homepage: 'https://github.com/betajs/grunt-betajs-docs-compile',
28 silly publish   author: { name: 'Oliver Friedmann', email: 'info@betajs.com' },
28 silly publish   contributors: [ { name: 'Oliver Friedmann' }, { name: 'Victor Lingtnhal' } ],
28 silly publish   repository:
28 silly publish    { type: 'git',
28 silly publish      url: 'git://github.com/betajs/grunt-betajs-docs-compile.git' },
28 silly publish   bugs: { url: 'https://github.com/betajs/grunt-betajs-docs-compile/issues' },
28 silly publish   licenses:
28 silly publish    [ { type: 'MIT',
28 silly publish        url: 'https://github.com/betajs/grunt-betajs-docs-compile/blob/master/LICENSE-MIT' } ],
28 silly publish   engines: { node: '>= 0.8.0' },
28 silly publish   devDependencies:
28 silly publish    { grunt: '~0.4.5',
28 silly publish      'grunt-jsdoc': '',
28 silly publish      'grunt-wget': '',
28 silly publish      'grunt-template': '',
28 silly publish      'grunt-contrib-clean': '' },
28 silly publish   peerDependencies: { grunt: '~0.4.5' },
28 silly publish   keywords: [ 'gruntplugin' ],
28 silly publish   readme: '# grunt-betajs-docs-compile\n\n> Generate [BetaJS](http://betajs.com/) documentation.\n\n## Getting Started\nThis plugin requires Grunt `~0.4.5`\n\nIf you haven\'t used [Grunt](http://gruntjs.com/) before, be sure to check out the [Getting Started](http://gruntjs.com/getting-started) guide, as it explains how to create a [Gruntfile](http://gruntjs.com/sample-gruntfile) as well as install and use Grunt plugins. Once you\'re familiar with that process, you may install this plugin with this command:\n\n```shell\nnpm install grunt-betajs-docs-compile --save-dev\n```\n\nOnce the plugin has been installed, it may be enabled via the jsdoc plugin inside your Gruntfile with this line of JavaScript:\n\n```js\ngrunt.loadNpmTasks(\'grunt-jsdoc\');\n```\n\n## The "jsdoc" task\n\n```js\n\t\tjsdoc : {\n\t\t\tdist : {\n\t\t\t\tsrc : sources,\n\t\t\t\toptions : {\n\t\t\t\t\tdestination : \'../\',\n\t\t\t\t\ttemplate : \'node_modules/grunt-betajs-docs-compile\',\n\t\t\t\t\tconfigure : \'./jsdoc.conf.json\',\n\t\t\t\t\ttutorials : \'./tutorials\'\n\t\t\t\t}\n\t\t\t}\n\t\t}\n```\n\n## Additional configuration\n\nAdditional configuration can be done in the jsdoc.conf.json. It might looks like this:\n\n```js\n{\n\t"tags": {\n\t\t"allowUnknownTags": true\n\t},\n\t"plugins": ["plugins/markdown"],\n\n\t"templates": {\n\t\t"cleverLinks": false,\n\t\t"monospaceLinks": false,\n\t\t"dateFormat": "ddd MMM Do YYYY",\n\t\t"outputSourceFiles": true,\n\t\t"outputSourcePath": true,\n\t\t"systemName": "FooBar",\n\t\t"footer": "",\n\t\t"copyright": "MIT License",\n\t\t"navType": "vertical",\n\t\t"theme": "cerulean",\n\t\t"linenums": true,\n\t\t"collapseSymbols": false,\n\t\t"inverseNav": true,\n\t\t"highlightTutorialCode": true,\n\t\t"protocol": "fred://"\n\t},\n\t"markdown": {\n\t\t"parser": "gfm",\n\t\t"hardwrap": true\n\t}\n}\n```\n\nThis is mostly preserved and copied from [Ink-Docstrap](https://www.npmjs.com/package/ink-docstrap). Additionally, you can use the following optional arguments:\n\n```js\n{\n\t...\n\t\n\t"templates": {\n\t\t...\n\t\t\n\t\t"template": "my/local/template/directory",\n        "emptyTutorials": false || true,\n        "singleTutorials": false || true,\n        "singleModules": false || true\n\t},\n\n    ...\n    \n    "pages": {\n    \t"about": {\n    \t\t"title": "About",\n    \t\t"source": "./about.md"\n    \t}\n    }\n}\n```\n\n\n## Contributors\n\n- Oliver Friedmann\n\n## License\n\nMIT\n\n\n## Credits\nThis software uses modified portions of\n- [Ink-Docstrap](https://www.npmjs.com/package/ink-docstrap)\n\n',
28 silly publish   readmeFilename: 'README.md',
28 silly publish   gitHead: '0b387d6743bc49110a3cc0ff457eef927013a7ce',
28 silly publish   _id: 'grunt-betajs-docs-compile@0.0.11',
28 silly publish   scripts: {},
28 silly publish   _shasum: 'fed011779d623c7027a118d726ae63c2d0eb6133',
28 silly publish   _from: '.' }
29 verbose request where is /grunt-betajs-docs-compile
30 verbose request registry https://registry.npmjs.org/
31 verbose request id 6e2ae469659966c7
32 verbose url raw /grunt-betajs-docs-compile
33 verbose url resolving [ 'https://registry.npmjs.org/', './grunt-betajs-docs-compile' ]
34 verbose url resolved https://registry.npmjs.org/grunt-betajs-docs-compile
35 verbose request where is https://registry.npmjs.org/grunt-betajs-docs-compile
36 info trying registry request attempt 1 at 18:53:21
37 http PUT https://registry.npmjs.org/grunt-betajs-docs-compile
38 http 403 https://registry.npmjs.org/grunt-betajs-docs-compile
39 verbose headers { 'content-type': 'application/json',
39 verbose headers   'cache-control': 'max-age=60',
39 verbose headers   'content-length': '117',
39 verbose headers   'accept-ranges': 'bytes',
39 verbose headers   date: 'Thu, 19 Nov 2015 16:53:25 GMT',
39 verbose headers   via: '1.1 varnish',
39 verbose headers   connection: 'keep-alive',
39 verbose headers   'x-served-by': 'cache-lhr6335-LHR',
39 verbose headers   'x-cache': 'MISS',
39 verbose headers   'x-cache-hits': '0',
39 verbose headers   'x-timer': 'S1447952002.013807,VS0,VE3406' }
40 error publish Failed PUT 403
41 error Error: You do not have permission to publish 'grunt-betajs-docs-compile'. Are you logged in as the correct user? : grunt-betajs-docs-compile
41 error     at RegClient.<anonymous> (/usr/local/lib/node_modules/npm/node_modules/npm-registry-client/lib/request.js:308:14)
41 error     at Request._callback (/usr/local/lib/node_modules/npm/node_modules/npm-registry-client/lib/request.js:246:65)
41 error     at Request.self.callback (/usr/local/lib/node_modules/npm/node_modules/request/request.js:236:22)
41 error     at Request.emit (events.js:98:17)
41 error     at Request.<anonymous> (/usr/local/lib/node_modules/npm/node_modules/request/request.js:1142:14)
41 error     at Request.emit (events.js:117:20)
41 error     at IncomingMessage.<anonymous> (/usr/local/lib/node_modules/npm/node_modules/request/request.js:1096:12)
41 error     at IncomingMessage.emit (events.js:117:20)
41 error     at _stream_readable.js:943:16
41 error     at process._tickCallback (node.js:419:13)
42 error If you need help, you may report this *entire* log,
42 error including the npm and node versions, at:
42 error     <http://github.com/npm/npm/issues>
43 error System Darwin 15.0.0
44 error command "node" "/usr/local/bin/npm" "publish"
45 error cwd /Users/victor/Development/betajs/grunt-betajs-docs-compile
46 error node -v v0.10.33
47 error npm -v 1.4.28
48 verbose exit [ 1, true ]
